c:\users\stalk_000\desktop\vsproject's\lab's_bm\lab's_bm\lab_1\debug\vc142.pdb
c:\users\stalk_000\desktop\vsproject's\lab's_bm\lab's_bm\lab_1\debug\vc142.idb
c:\users\stalk_000\desktop\vsproject's\lab's_bm\lab's_bm\lab_1\debug\dihotomy.obj
c:\users\stalk_000\desktop\vsproject's\lab's_bm\lab's_bm\lab_1\debug\lab_1.obj
c:\users\stalk_000\desktop\vsproject's\lab's_bm\lab's_bm\lab_1\debug\method's.obj
c:\users\stalk_000\desktop\vsprojects\labs_from_university\labs_vm\lab's_bm\lab_1\debug\vc142.pdb
c:\users\stalk_000\desktop\vsprojects\labs_from_university\labs_vm\lab's_bm\lab_1\debug\vc142.idb
c:\users\stalk_000\desktop\vsprojects\labs_from_university\labs_vm\lab's_bm\lab_1\debug\method's.obj
c:\users\stalk_000\desktop\vsproject's\lab's_bm\lab's_bm\debug\lab_1.exe
c:\users\stalk_000\desktop\vsproject's\lab's_bm\lab's_bm\debug\lab_1.ilk
c:\users\stalk_000\desktop\vsproject's\lab's_bm\lab's_bm\debug\lab_1.pdb
c:\users\stalk_000\desktop\vsprojects\labs_from_university\labs_vm\lab's_bm\lab_1\debug\dihotomy.obj
c:\users\stalk_000\desktop\vsprojects\labs_from_university\labs_vm\lab's_bm\lab_1\debug\method's.obj.enc
c:\users\stalk_000\desktop\vsprojects\labs_from_university\labs_vm\lab's_bm\debug\lab_1.pdb
c:\users\stalk_000\desktop\vsprojects\labs_from_university\labs_vm\lab's_bm\debug\lab_1.exe
c:\users\stalk_000\desktop\vsprojects\labs_from_university\labs_vm\lab's_bm\debug\lab_1.ilk
c:\users\stalk_000\desktop\vsprojects\labs_from_university\labs_vm\lab's_bm\lab_1\debug\lab_1.tlog\cl.command.1.tlog
c:\users\stalk_000\desktop\vsprojects\labs_from_university\labs_vm\lab's_bm\lab_1\debug\lab_1.tlog\cl.read.1.tlog
c:\users\stalk_000\desktop\vsprojects\labs_from_university\labs_vm\lab's_bm\lab_1\debug\lab_1.tlog\cl.write.1.tlog
c:\users\stalk_000\desktop\vsprojects\labs_from_university\labs_vm\lab's_bm\lab_1\debug\lab_1.tlog\link.command.1.tlog
c:\users\stalk_000\desktop\vsprojects\labs_from_university\labs_vm\lab's_bm\lab_1\debug\lab_1.tlog\link.read.1.tlog
c:\users\stalk_000\desktop\vsprojects\labs_from_university\labs_vm\lab's_bm\lab_1\debug\lab_1.tlog\link.write.1.tlog
