c:\users\stalk_000\desktop\vsprojects\labs_from_university\lab's_oop\oop_lab's\lab_5\debug\vc142.pdb
c:\users\stalk_000\desktop\vsprojects\labs_from_university\lab's_oop\oop_lab's\lab_5\debug\vc142.idb
c:\users\stalk_000\desktop\vsprojects\labs_from_university\lab's_oop\oop_lab's\lab_5\debug\polynom.obj
c:\users\stalk_000\desktop\vsprojects\labs_from_university\lab's_oop\oop_lab's\lab_5\debug\pch.obj
c:\users\stalk_000\desktop\vsprojects\labs_from_university\lab's_oop\oop_lab's\lab_5\debug\lab_5.obj
c:\users\stalk_000\desktop\vsprojects\labs_from_university\lab's_oop\oop_lab's\debug\lab_5.pdb
c:\users\stalk_000\desktop\vsprojects\labs_from_university\lab's_oop\oop_lab's\lab_5\debug\lab_5.tlog\cl.command.1.tlog
c:\users\stalk_000\desktop\vsprojects\labs_from_university\lab's_oop\oop_lab's\lab_5\debug\lab_5.tlog\cl.read.1.tlog
c:\users\stalk_000\desktop\vsprojects\labs_from_university\lab's_oop\oop_lab's\lab_5\debug\lab_5.tlog\cl.write.1.tlog
c:\users\stalk_000\desktop\vsprojects\labs_from_university\lab's_oop\oop_lab's\lab_5\debug\lab_5.tlog\link-cvtres.read.1.tlog
c:\users\stalk_000\desktop\vsprojects\labs_from_university\lab's_oop\oop_lab's\lab_5\debug\lab_5.tlog\link-cvtres.write.1.tlog
c:\users\stalk_000\desktop\vsprojects\labs_from_university\lab's_oop\oop_lab's\lab_5\debug\lab_5.tlog\link-rc.read.1.tlog
c:\users\stalk_000\desktop\vsprojects\labs_from_university\lab's_oop\oop_lab's\lab_5\debug\lab_5.tlog\link-rc.write.1.tlog
c:\users\stalk_000\desktop\vsprojects\labs_from_university\lab's_oop\oop_lab's\lab_5\debug\lab_5.tlog\link.6188-cvtres.read.1.tlog
c:\users\stalk_000\desktop\vsprojects\labs_from_university\lab's_oop\oop_lab's\lab_5\debug\lab_5.tlog\link.6188-cvtres.write.1.tlog
c:\users\stalk_000\desktop\vsprojects\labs_from_university\lab's_oop\oop_lab's\lab_5\debug\lab_5.tlog\link.6188-rc.read.1.tlog
c:\users\stalk_000\desktop\vsprojects\labs_from_university\lab's_oop\oop_lab's\lab_5\debug\lab_5.tlog\link.6188-rc.write.1.tlog
c:\users\stalk_000\desktop\vsprojects\labs_from_university\lab's_oop\oop_lab's\lab_5\debug\lab_5.tlog\link.6188.read.1.tlog
c:\users\stalk_000\desktop\vsprojects\labs_from_university\lab's_oop\oop_lab's\lab_5\debug\lab_5.tlog\link.6188.write.1.tlog
c:\users\stalk_000\desktop\vsprojects\labs_from_university\lab's_oop\oop_lab's\lab_5\debug\lab_5.tlog\link.command.1.tlog
c:\users\stalk_000\desktop\vsprojects\labs_from_university\lab's_oop\oop_lab's\lab_5\debug\lab_5.tlog\link.read.1.tlog
c:\users\stalk_000\desktop\vsprojects\labs_from_university\lab's_oop\oop_lab's\lab_5\debug\lab_5.tlog\link.write.1.tlog
