c:\users\stalk_000\desktop\vsprojects\labs_from_university\lab's_oop\oop_lab's\лаба_2\debug\lab_2.pch
c:\users\stalk_000\desktop\vsprojects\labs_from_university\lab's_oop\oop_lab's\лаба_2\debug\vc142.pdb
c:\users\stalk_000\desktop\vsprojects\labs_from_university\lab's_oop\oop_lab's\лаба_2\debug\vc142.idb
c:\users\stalk_000\desktop\vsprojects\labs_from_university\lab's_oop\oop_lab's\лаба_2\debug\pch.obj
c:\users\stalk_000\desktop\vsprojects\labs_from_university\lab's_oop\oop_lab's\лаба_2\debug\лаба_2.obj
c:\users\stalk_000\desktop\vsprojects\labs_from_university\lab's_oop\oop_lab's\лаба_2\debug\matrix.obj
c:\users\stalk_000\desktop\vsprojects\labs_from_university\lab's_oop\oop_lab's\debug\lab_2.ilk
c:\users\stalk_000\desktop\vsprojects\labs_from_university\lab's_oop\oop_lab's\debug\lab_2.exe
c:\users\stalk_000\desktop\vsprojects\labs_from_university\lab's_oop\oop_lab's\debug\lab_2.pdb
c:\users\stalk_000\desktop\vsprojects\labs_from_university\lab's_oop\oop_lab's\лаба_2\debug\matrix.obj.enc
c:\users\stalk_000\desktop\vsprojects\labs_from_university\lab's_oop\oop_lab's\лаба_2\debug\лаба_2.obj.enc
c:\users\stalk_000\desktop\vsprojects\labs_from_university\lab's_oop\oop_lab's\лаба_2\debug\лаба_2.pch
c:\users\stalk_000\desktop\vsprojects\labs_from_university\lab's_oop\oop_lab's\лаба_2\debug\vc141.idb
c:\users\stalk_000\desktop\vsprojects\labs_from_university\lab's_oop\oop_lab's\лаба_2\debug\vc141.pdb
c:\users\stalk_000\desktop\vsprojects\labs_from_university\lab's_oop\oop_lab's\лаба_2\debug\lab_2.tlog\cl.command.1.tlog
c:\users\stalk_000\desktop\vsprojects\labs_from_university\lab's_oop\oop_lab's\лаба_2\debug\lab_2.tlog\cl.read.1.tlog
c:\users\stalk_000\desktop\vsprojects\labs_from_university\lab's_oop\oop_lab's\лаба_2\debug\lab_2.tlog\cl.write.1.tlog
c:\users\stalk_000\desktop\vsprojects\labs_from_university\lab's_oop\oop_lab's\лаба_2\debug\lab_2.tlog\link.command.1.tlog
c:\users\stalk_000\desktop\vsprojects\labs_from_university\lab's_oop\oop_lab's\лаба_2\debug\lab_2.tlog\link.read.1.tlog
c:\users\stalk_000\desktop\vsprojects\labs_from_university\lab's_oop\oop_lab's\лаба_2\debug\lab_2.tlog\link.write.1.tlog
